<?xml version="1.0" encoding="UTF-8"?>
<!-- Generated by org.testng.reporters.JUnitReportReporter -->
<testsuite hostname="fxiong-w01" name="com.vmware.transformer.PreCondition.Inventory.MacSet_Delete" tests="1" failures="0" timestamp="16 Feb 2017 03:26:52 GMT" time="1.425" errors="0">
  <testcase name="deleteMacSet" time="1.425" classname="com.vmware.transformer.PreCondition.Inventory.MacSet_Delete"/>
</testsuite> <!-- com.vmware.transformer.PreCondition.Inventory.MacSet_Delete -->
