<?xml version="1.0" encoding="UTF-8"?>
<!-- Generated by org.testng.reporters.JUnitReportReporter -->
<testsuite hostname="fxiong-w01" name="com.vmware.transformer.PreCondition.Inventory.IPSet_Delete" tests="1" failures="0" timestamp="16 Feb 2017 03:25:36 GMT" time="1.431" errors="0">
  <testcase name="deleteIPSet" time="1.431" classname="com.vmware.transformer.PreCondition.Inventory.IPSet_Delete"/>
</testsuite> <!-- com.vmware.transformer.PreCondition.Inventory.IPSet_Delete -->
