<?xml version="1.0" encoding="UTF-8"?>
<!-- Generated by org.testng.reporters.JUnitReportReporter -->
<testsuite hostname="fxiong-w01" name="com.vmware.transformer.PreCondition.Inventory.IPSet_Add" tests="1" failures="0" timestamp="16 Feb 2017 03:25:26 GMT" time="1.771" errors="0">
  <testcase name="addIPSet" time="1.771" classname="com.vmware.transformer.PreCondition.Inventory.IPSet_Add"/>
</testsuite> <!-- com.vmware.transformer.PreCondition.Inventory.IPSet_Add -->
