<?xml version="1.0" encoding="UTF-8"?>
<!-- Generated by org.testng.reporters.JUnitReportReporter -->
<testsuite hostname="fxiong-w01" name="com.vmware.transformer.PreCondition.Inventory.MacSet_Add" tests="1" failures="0" timestamp="16 Feb 2017 03:26:45 GMT" time="1.545" errors="0">
  <testcase name="addMacSet" time="1.545" classname="com.vmware.transformer.PreCondition.Inventory.MacSet_Add"/>
</testsuite> <!-- com.vmware.transformer.PreCondition.Inventory.MacSet_Add -->
